<?xml version="1.0" encoding="UTF-8"?>
<!-- Generated by org.testng.reporters.JUnitXMLReporter -->
<testsuite ignored="2" hostname="DESKTOP-QEMN8R6" failures="0" tests="2" name="ChromeTest" time="11.778" errors="0" timestamp="2024-03-13T13:14:23 IST">
  <testcase classname="helper.CheckBoxes" name="validateCheckBox" time="0.553"/>
  <testcase classname="helper.ContextMenu" name="contextMenuTest" time="5.075"/>
  <testcase classname="utilities.SetupTeardown" name="@AfterTest tearDown" time="0.0">
    <ignored/>
  </testcase> <!-- @AfterTest tearDown -->
  <testcase classname="utilities.SetupTeardown" name="@BeforeTest setUp" time="0.0">
    <ignored/>
  </testcase> <!-- @BeforeTest setUp -->
</testsuite> <!-- ChromeTest -->
