<?xml version="1.0" encoding="UTF-8"?>
<!-- Generated by org.testng.reporters.JUnitXMLReporter -->
<testsuite ignored="8" hostname="DESKTOP-QEMN8R6" failures="0" tests="7" name="Test" time="47.627" errors="0" timestamp="2024-03-14T16:21:34 IST">
  <testcase classname="helper.ABTesting" name="abTesting" time="5.068"/>
  <testcase classname="helper.ABTesting" name="switchToElementalSelenium" time="5.057"/>
  <testcase classname="helper.AddElement" name="addElement" time="14.203"/>
  <testcase classname="helper.AddElement" name="deleteElement" time="1.179"/>
  <testcase classname="helper.BasicAuth" name="basicAuth" time="2.054"/>
  <testcase classname="helper.BrokenImage" name="findBrokenImages" time="9.827"/>
  <testcase classname="helper.CheckBoxes" name="validateCheckBox" time="5.061"/>
  <testcase classname="utilities.SetupTeardown" name="@BeforeTest setUp" time="0.0">
    <ignored/>
  </testcase> <!-- @BeforeTest setUp -->
  <testcase classname="utilities.SetupTeardown" name="@AfterTest tearDown" time="0.0">
    <ignored/>
  </testcase> <!-- @AfterTest tearDown -->
  <testcase classname="utilities.SetupTeardown" name="@BeforeTest setUp" time="0.0">
    <ignored/>
  </testcase> <!-- @BeforeTest setUp -->
  <testcase classname="utilities.SetupTeardown" name="@BeforeTest setUp" time="0.0">
    <ignored/>
  </testcase> <!-- @BeforeTest setUp -->
  <testcase classname="utilities.SetupTeardown" name="@BeforeTest setUp" time="0.0">
    <ignored/>
  </testcase> <!-- @BeforeTest setUp -->
  <testcase classname="utilities.SetupTeardown" name="@AfterTest tearDown" time="0.0">
    <ignored/>
  </testcase> <!-- @AfterTest tearDown -->
  <testcase classname="utilities.SetupTeardown" name="@AfterTest tearDown" time="0.0">
    <ignored/>
  </testcase> <!-- @AfterTest tearDown -->
  <testcase classname="utilities.SetupTeardown" name="@AfterTest tearDown" time="0.0">
    <ignored/>
  </testcase> <!-- @AfterTest tearDown -->
</testsuite> <!-- Test -->
