<?xml version="1.0" encoding="UTF-8"?>
<testng-results ignored="0" total="1" passed="1" failed="0" skipped="0">
  <reporter-output>
  </reporter-output>
  <suite started-at="2024-03-30T14:26:04 IST" name="Default suite" finished-at="2024-03-30T14:26:11 IST" duration-ms="6864">
    <groups>
    </groups>
    <test started-at="2024-03-30T14:26:04 IST" name="Default test" finished-at="2024-03-30T14:26:11 IST" duration-ms="6864">
      <class name="helper.FloatingMenu">
        <test-method is-config="true" signature="setUp()[pri:0, instance:helper.FloatingMenu@411f53a0]" started-at="2024-03-30T14:26:04 IST" name="setUp" finished-at="2024-03-30T14:26:10 IST" duration-ms="5498" status="PASS">
          <reporter-output>
          </reporter-output>
        </test-method> <!-- setUp -->
        <test-method signature="floatingMenu()[pri:0, instance:helper.FloatingMenu@411f53a0]" started-at="2024-03-30T14:26:10 IST" name="floatingMenu" finished-at="2024-03-30T14:26:11 IST" duration-ms="899" status="PASS">
          <reporter-output>
          </reporter-output>
        </test-method> <!-- floatingMenu -->
        <test-method is-config="true" signature="tearDown()[pri:0, instance:helper.FloatingMenu@411f53a0]" started-at="2024-03-30T14:26:11 IST" name="tearDown" finished-at="2024-03-30T14:26:11 IST" duration-ms="437" status="PASS">
          <reporter-output>
          </reporter-output>
        </test-method> <!-- tearDown -->
      </class> <!-- helper.FloatingMenu -->
    </test> <!-- Default test -->
  </suite> <!-- Default suite -->
</testng-results>
