<?xml version="1.0" encoding="UTF-8"?>
<testng-results ignored="0" total="4" passed="4" failed="0" skipped="0">
  <reporter-output>
  </reporter-output>
  <suite started-at="2024-03-13T13:14:11 IST" name="Suite" finished-at="2024-03-13T13:14:39 IST" duration-ms="27388">
    <groups>
    </groups>
    <test started-at="2024-03-13T13:14:11 IST" name="ChromeTest" finished-at="2024-03-13T13:14:23 IST" duration-ms="11778">
      <class name="helper.ContextMenu">
        <test-method signature="contextMenuTest()[pri:0, instance:helper.ContextMenu@22555ebf]" started-at="2024-03-13T13:14:18 IST" name="contextMenuTest" finished-at="2024-03-13T13:14:23 IST" duration-ms="5075" status="PASS">
          <reporter-output>
          </reporter-output>
        </test-method> <!-- contextMenuTest -->
      </class> <!-- helper.ContextMenu -->
      <class name="helper.CheckBoxes">
        <test-method is-config="true" signature="setUp(java.lang.String)[pri:0, instance:helper.CheckBoxes@7c7a06ec]" started-at="2024-03-13T13:14:11 IST" name="setUp" finished-at="2024-03-13T13:14:17 IST" duration-ms="5949" status="PASS">
          <params>
            <param index="0">
              <value>
                <![CDATA[chrome]]>
              </value>
            </param>
          </params>
          <reporter-output>
          </reporter-output>
        </test-method> <!-- setUp -->
        <test-method signature="validateCheckBox()[pri:0, instance:helper.CheckBoxes@7c7a06ec]" started-at="2024-03-13T13:14:17 IST" name="validateCheckBox" finished-at="2024-03-13T13:14:18 IST" duration-ms="553" status="PASS">
          <reporter-output>
          </reporter-output>
        </test-method> <!-- validateCheckBox -->
        <test-method is-config="true" signature="tearDown()[pri:0, instance:helper.CheckBoxes@7c7a06ec]" started-at="2024-03-13T13:14:23 IST" name="tearDown" finished-at="2024-03-13T13:14:23 IST" duration-ms="167" status="PASS">
          <reporter-output>
          </reporter-output>
        </test-method> <!-- tearDown -->
      </class> <!-- helper.CheckBoxes -->
    </test> <!-- ChromeTest -->
    <test started-at="2024-03-13T13:14:23 IST" name="Firefox" finished-at="2024-03-13T13:14:39 IST" duration-ms="15596">
      <class name="helper.ContextMenu">
        <test-method signature="contextMenuTest()[pri:0, instance:helper.ContextMenu@3bf7ca37]" started-at="2024-03-13T13:14:33 IST" name="contextMenuTest" finished-at="2024-03-13T13:14:38 IST" duration-ms="5008" status="PASS">
          <reporter-output>
          </reporter-output>
        </test-method> <!-- contextMenuTest -->
      </class> <!-- helper.ContextMenu -->
      <class name="helper.CheckBoxes">
        <test-method is-config="true" signature="setUp(java.lang.String)[pri:0, instance:helper.CheckBoxes@3c9754d8]" started-at="2024-03-13T13:14:23 IST" name="setUp" finished-at="2024-03-13T13:14:32 IST" duration-ms="9096" status="PASS">
          <params>
            <param index="0">
              <value>
                <![CDATA[firefox]]>
              </value>
            </param>
          </params>
          <reporter-output>
          </reporter-output>
        </test-method> <!-- setUp -->
        <test-method signature="validateCheckBox()[pri:0, instance:helper.CheckBoxes@3c9754d8]" started-at="2024-03-13T13:14:32 IST" name="validateCheckBox" finished-at="2024-03-13T13:14:33 IST" duration-ms="716" status="PASS">
          <reporter-output>
          </reporter-output>
        </test-method> <!-- validateCheckBox -->
        <test-method is-config="true" signature="tearDown()[pri:0, instance:helper.CheckBoxes@3c9754d8]" started-at="2024-03-13T13:14:38 IST" name="tearDown" finished-at="2024-03-13T13:14:39 IST" duration-ms="757" status="PASS">
          <reporter-output>
          </reporter-output>
        </test-method> <!-- tearDown -->
      </class> <!-- helper.CheckBoxes -->
    </test> <!-- Firefox -->
  </suite> <!-- Suite -->
</testng-results>
